This file contains any messages produced by compilers while
running CMake, to aid debugging if configure makes a mistake.

It was created by HQP_Hcod CMake configuration process 0.0.0, which was
generated by CMake 3.16.3.

## --------- ##
## Platform. ##
## --------- ##

hostname = ggory15
system = Linux-5.11.0-25-generic
processor = x86_64
generator = Unix Makefiles

PATH /home/ggory15/kimm_catkin/devel/bin
PATH /opt/ros/noetic/bin
PATH /opt/openrobots/bin
PATH /opt/openrobots/bin
PATH /home/ggory15/.local/bin
PATH /usr/local/sbin
PATH /usr/local/bin
PATH /usr/sbin
PATH /usr/bin
PATH /sbin
PATH /bin
PATH /usr/games
PATH /usr/local/games
PATH /snap/bin

PKG_CONFIG_PATH /home/ggory15/kimm_catkin/devel/lib/pkgconfig
PKG_CONFIG_PATH /opt/ros/noetic/lib/pkgconfig
PKG_CONFIG_PATH /opt/ros/noetic/lib/x86_64-linux-gnu/pkgconfig
PKG_CONFIG_PATH /opt/openrobots/lib/pkgconfig
PKG_CONFIG_PATH /opt/openrobots/lib/pkgconfig
PKG_CONFIG_PATH /opt/openrobots/lib/pkgconfig

## ---------------- ##
## CMake variables. ##
## ---------------- ##

CMAKE_ROOT = /usr/share/cmake-3.16
CMAKE_INCLUDE_PATH = 
CMAKE_LIBRARY_PATH = 
CMAKE_PREFIX_PATH = 
CMAKE_INSTALL_ALWAYS = 
CMAKE_SKIP_RPATH = NO
CMAKE_SUPPRESS_REGENERATION = 
BUILD_SHARED_LIBS = 

CMAKE_INSTALL_PREFIX = /usr/local
PROJECT_SOURCE_DIR = /home/ggory15/git/HQP_Hcod
PROJECT_SOURCE_DIR = /home/ggory15/git/HQP_Hcod
PROJECT_BINARY_DIR = /home/ggory15/git/HQP_Hcod/build
CMAKE_BINARY_DIR = /home/ggory15/git/HQP_Hcod/build

CMAKE_AR = /usr/bin/ar
CMAKE_RANLIB = /usr/bin/ranlib
CMAKE_BUILD_TYPE = Release
CMAKE_CONFIGURATION_TYPES = 
CMAKE_SHARED_LINKER_FLAGS = 

CMAKE_C_COMPILER = 
CMAKE_C_FLAGS = 
CMAKE_C_FLAGS_DEBUG = 
CMAKE_C_FLAGS_RELEASE = 
CMAKE_CXX_COMPILER = /usr/bin/c++
CMAKE_CXX_FLAGS =  -pedantic -Wno-long-long -Wall -Wextra -Wcast-align -Wcast-qual -Wformat -Wwrite-strings -Wconversion 
CMAKE_CXX_FLAGS_DEBUG = -g
CMAKE_CXX_FLAGS_RELEASE = -O3 -DNDEBUG
CMAKE_CXX_FLAGS_RELWITHDEBINFO = -O2 -g -DNDEBUG

CMAKE_STATIC_LIBRARY_PREFIX = lib
CMAKE_STATIC_LIBRARY_SUFFIX = .a
CMAKE_SHARED_LIBRARY_PREFIX = lib
CMAKE_SHARED_LIBRARY_SUFFIX = .so
CMAKE_SHARED_MODULE_PREFIX = lib
CMAKE_SHARED_MODULE_SUFFIX = .so

## ------------------ ##
## Watched variables. ##
## ------------------ ##

WARNING_CXX_FLAGS =  -pedantic -Wno-long-long -Wall -Wextra -Wcast-align -Wcast-qual -Wformat -Wwrite-strings -Wconversion
_PKG_CONFIG_FOUND = undefined
PKG_CONFIG_EXECUTABLE = /usr/bin/pkg-config
_PKG_CONFIG_PREFIX = /usr/local
_PKG_CONFIG_EXEC_PREFIX = /usr/local
_PKG_CONFIG_LIBDIR = /usr/local/lib
_PKG_CONFIG_BINDIR = /usr/local/bin
_PKG_CONFIG_PKGLIBDIR = /usr/local/lib/HQP_Hcod
_PKG_CONFIG_INCLUDEDIR = /usr/local/include
_PKG_CONFIG_DATAROOTDIR = /usr/local/share
_PKG_CONFIG_PKGDATAROOTDIR = /usr/local/share
_PKG_CONFIG_DOCDIR = /usr/local/share/doc/HQP_Hcod
_PKG_CONFIG_DOXYGENDOCDIR = /usr/local/share/doc/HQP_Hcod/doxygen-html
_PKG_CONFIG_PROJECT_NAME = HQP_Hcod
_PKG_CONFIG_DESCRIPTION = HQP_Hcod (original)
_PKG_CONFIG_URL = http://github.com/laas/soth
_PKG_CONFIG_VERSION = 0.0.0
_PKG_CONFIG_REQUIRES = eigen3 >= 3.2.0
_PKG_CONFIG_REQUIRES_DEBUG = 
_PKG_CONFIG_REQUIRES_OPTIMIZED = 
_PKG_CONFIG_COMPILE_TIME_REQUIRES = 
_PKG_CONFIG_CONFLICTS = 
_PKG_CONFIG_LIBS = 
_PKG_CONFIG_LIBS_DEBUG = -L${libdir}
_PKG_CONFIG_LIBS_OPTIMIZED = -L${libdir}
_PKG_CONFIG_LIBS_PRIVATE = 
_PKG_CONFIG_CFLAGS = -I${includedir}
_PKG_CONFIG_CFLAGS_DEBUG = 
_PKG_CONFIG_CFLAGS_OPTIMIZED = 
_PKG_CONFIG_FILENAME = HQP_Hcod.pc
PKG_CONFIG_EXTRA = 
## ---------------- ##
## Watched targets. ##
## ---------------- ##

